============================= test session starts ==============================
platform darwin -- Python 3.12.12, pytest-8.4.2, pluggy-1.6.0
rootdir: /Users/izumimotohayato/development/codex_invest
configfile: pytest.ini
testpaths: tests
plugins: mock-3.15.1, approvaltests-0.2.4, approvaltests-15.3.2, hypothesis-6.142.4
collected 157 items / 156 deselected / 1 selected

tests/cli/test_data_status_cli.py .                                      [100%]

=============================== warnings summary ===============================
tests/config/test_config_schema_smoke.py:12
  /Users/izumimotohayato/development/codex_invest/tests/config/test_config_schema_smoke.py:12: DeprecationWarning: jsonschema.RefResolver is deprecated as of v4.18.0, in favor of the https://github.com/python-jsonschema/referencing library, which provides more compliant referencing behavior as well as more flexible APIs for customization. A future release will remove RefResolver. Please file a feature request (on referencing) if you are missing an API for the kind of customization you need.
    from jsonschema.validators import RefResolver

tests/jsonschema/test_domain_schemas.py:12
  /Users/izumimotohayato/development/codex_invest/tests/jsonschema/test_domain_schemas.py:12: DeprecationWarning: jsonschema.RefResolver is deprecated as of v4.18.0, in favor of the https://github.com/python-jsonschema/referencing library, which provides more compliant referencing behavior as well as more flexible APIs for customization. A future release will remove RefResolver. Please file a feature request (on referencing) if you are missing an API for the kind of customization you need.
    from jsonschema.validators import RefResolver

-- Docs: https://docs.pytest.org/en/stable/how-to/capture-warnings.html
================ 1 passed, 156 deselected, 2 warnings in 0.45s =================
