============================= test session starts ==============================
platform darwin -- Python 3.12.12, pytest-8.4.2, pluggy-1.6.0
rootdir: /Users/izumimotohayato/development/codex_invest
configfile: pytest.ini
testpaths: tests
plugins: mock-3.15.1, approvaltests-0.2.4, approvaltests-15.3.2, hypothesis-6.142.4
collected 158 items / 152 deselected / 6 selected

tests/unit/test_strategy_registry.py ..                                  [ 33%]
tests/unit/test_strategy_registry_contracts.py ....                      [100%]

====================== 6 passed, 152 deselected in 0.34s =======================
